2025-07-21 17:21:00 | DEBUG | repo=a4m36jee-2014 | action=commit
2025-02-10 10:37:00 | WARN | repo=a4m36jee-2014 | action=commit
2025-05-09 11:04:00 | INFO | repo=a4m36jee-2014 | action=commit
2025-06-22 08:14:00 | WARN | repo=a4m36jee-2014 | action=commit
2025-11-16 16:04:00 | DEBUG | repo=a4m36jee-2014 | action=edit | files=4
2025-04-17 18:18:00 | WARN | repo=a4m36jee-2014 | action=commit
2025-11-27 16:13:00 | WARN | repo=a4m36jee-2014 | action=test | passed=true
2025-12-01 20:54:00 | INFO | repo=a4m36jee-2014 | action=commit
2025-03-09 07:35:00 | WARN | repo=a4m36jee-2014 | action=commit
2025-03-11 07:45:00 | DEBUG | repo=a4m36jee-2014 | action=edit | files=4
2025-04-05 12:03:00 | WARN | repo=a4m36jee-2014 | action=pull
2025-04-21 07:39:00 | DEBUG | repo=a4m36jee-2014 | action=test | passed=true
2025-12-22 14:34:00 | WARN | repo=a4m36jee-2014 | action=commit
2025-02-12 09:29:00 | INFO | repo=a4m36jee-2014 | action=commit
2025-07-11 09:55:00 | INFO | repo=a4m36jee-2014 | action=commit
2025-04-04 11:19:00 | INFO | repo=a4m36jee-2014 | action=pull
2025-09-02 21:21:00 | WARN | repo=a4m36jee-2014 | action=test | passed=true
2025-02-07 17:15:00 | WARN | repo=a4m36jee-2014 | action=commit
2025-07-06 12:55:00 | INFO | repo=a4m36jee-2014 | action=pull
2025-07-22 16:53:00 | WARN | repo=a4m36jee-2014 | action=edit | files=1
2025-08-24 07:37:00 | INFO | repo=a4m36jee-2014 | action=commit
2025-11-10 08:25:00 | DEBUG | repo=a4m36jee-2014 | action=commit
2025-02-09 08:37:00 | INFO | repo=a4m36jee-2014 | action=edit | files=3
2025-07-21 18:48:00 | DEBUG | repo=a4m36jee-2014 | action=commit
2025-06-07 11:51:00 | DEBUG | repo=a4m36jee-2014 | action=commit
2025-03-13 09:26:00 | INFO | repo=a4m36jee-2014 | action=commit
2025-08-25 17:31:00 | WARN | repo=a4m36jee-2014 | action=edit | files=1
2025-10-18 13:14:00 | WARN | repo=a4m36jee-2014 | action=commit
2025-12-25 13:10:00 | WARN | repo=a4m36jee-2014 | action=test | passed=true
2025-02-13 20:45:00 | DEBUG | repo=a4m36jee-2014 | action=edit | files=5
2025-02-09 07:44:00 | INFO | repo=a4m36jee-2014 | action=pull
2025-07-18 11:24:00 | WARN | repo=a4m36jee-2014 | action=commit
2025-02-06 13:27:00 | INFO | repo=a4m36jee-2014 | action=pull
2025-03-11 14:49:00 | WARN | repo=a4m36jee-2014 | action=edit | files=3
2025-10-09 11:23:00 | DEBUG | repo=a4m36jee-2014 | action=test | passed=true
2025-03-14 16:01:00 | INFO | repo=a4m36jee-2014 | action=commit
2025-07-05 07:57:00 | DEBUG | repo=a4m36jee-2014 | action=commit
2025-02-28 07:31:00 | DEBUG | repo=a4m36jee-2014 | action=commit
2025-08-12 18:35:00 | WARN | repo=a4m36jee-2014 | action=commit
2025-07-19 20:03:00 | WARN | repo=a4m36jee-2014 | action=commit
2025-08-19 07:23:00 | DEBUG | repo=a4m36jee-2014 | action=edit | files=3
2025-07-23 07:32:00 | INFO | repo=a4m36jee-2014 | action=test | passed=true
2025-09-24 07:46:00 | DEBUG | repo=a4m36jee-2014 | action=commit
2025-06-12 11:33:00 | INFO | repo=a4m36jee-2014 | action=commit
2025-07-03 08:49:00 | WARN | repo=a4m36jee-2014 | action=commit
2025-10-18 07:17:00 | INFO | repo=a4m36jee-2014 | action=commit
2025-02-17 17:17:00 | INFO | repo=a4m36jee-2014 | action=commit
2025-06-18 17:25:00 | DEBUG | repo=a4m36jee-2014 | action=edit | files=3
2025-08-26 15:50:00 | DEBUG | repo=a4m36jee-2014 | action=edit | files=2
2025-01-05 13:25:00 | WARN | repo=a4m36jee-2014 | action=edit | files=4
2025-10-08 08:59:00 | WARN | repo=a4m36jee-2014 | action=commit
2025-02-21 13:25:00 | WARN | repo=a4m36jee-2014 | action=commit
2025-07-03 14:18:00 | DEBUG | repo=a4m36jee-2014 | action=commit
2025-03-26 07:08:00 | WARN | repo=a4m36jee-2014 | action=test | passed=true
2025-03-15 12:00:00 | WARN | repo=a4m36jee-2014 | action=pull
2025-01-18 13:00:00 | DEBUG | repo=a4m36jee-2014 | action=commit
2025-12-26 19:24:00 | WARN | repo=a4m36jee-2014 | action=commit
2025-06-04 20:51:00 | INFO | repo=a4m36jee-2014 | action=commit
2025-11-02 20:03:00 | INFO | repo=a4m36jee-2014 | action=commit
2025-02-23 07:31:00 | WARN | repo=a4m36jee-2014 | action=commit
2025-07-22 07:47:00 | INFO | repo=a4m36jee-2014 | action=commit
2025-02-21 07:23:00 | DEBUG | repo=a4m36jee-2014 | action=test | passed=true
2025-07-01 17:02:00 | INFO | repo=a4m36jee-2014 | action=commit
2025-09-19 08:01:00 | WARN | repo=a4m36jee-2014 | action=commit
2025-11-20 07:54:00 | INFO | repo=a4m36jee-2014 | action=commit
2025-09-03 07:37:00 | DEBUG | repo=a4m36jee-2014 | action=edit | files=3
2025-12-10 14:15:00 | INFO | repo=a4m36jee-2014 | action=commit
2025-07-09 07:55:00 | INFO | repo=a4m36jee-2014 | action=test | passed=true
2025-03-04 15:48:00 | WARN | repo=a4m36jee-2014 | action=edit | files=1
2025-07-01 20:25:00 | INFO | repo=a4m36jee-2014 | action=edit | files=4
2025-03-26 07:53:00 | WARN | repo=a4m36jee-2014 | action=pull
2025-04-20 16:48:00 | INFO | repo=a4m36jee-2014 | action=commit
2025-09-08 19:55:00 | INFO | repo=a4m36jee-2014 | action=commit
2025-02-11 18:04:00 | INFO | repo=a4m36jee-2014 | action=edit | files=1
2025-03-16 11:43:00 | WARN | repo=a4m36jee-2014 | action=edit | files=3
2025-01-04 15:02:00 | INFO | repo=a4m36jee-2014 | action=edit | files=2
2025-05-10 10:01:00 | INFO | repo=a4m36jee-2014 | action=commit
